<?xml version="1.0" encoding="UTF-8"?>
<!-- Generated by org.testng.reporters.JUnitReportReporter -->
<testsuite skipped="0" hostname="DESKTOP-PU16VBP" name="parsing_studentResponse.test_parseStudent" tests="8" failures="0" timestamp="2021-03-22T15:49:26 CDT" time="0.027" errors="0">
  <testcase name="test_Find_value_of_username" time="0.013" classname="parsing_studentResponse.test_parseStudent"/>
  <system-out/>
  <testcase name="test_get_All_sessionid_AndLast_sessionId" time="0.002" classname="parsing_studentResponse.test_parseStudent"/>
  <system-out/>
  <testcase name="test_Find_all_marks_of_second_student" time="0.002" classname="parsing_studentResponse.test_parseStudent"/>
  <system-out/>
  <testcase name="test_Find_secondstate_Value_of_First_student" time="0.002" classname="parsing_studentResponse.test_parseStudent"/>
  <system-out/>
  <testcase name="test_Find_second_contact_value_of_second_student" time="0.001" classname="parsing_studentResponse.test_parseStudent"/>
  <system-out/>
  <testcase name="test_Find_all_cities_of_second_student" time="0.002" classname="parsing_studentResponse.test_parseStudent"/>
  <system-out/>
  <testcase name="test_Find_contacts_of_all_students" time="0.002" classname="parsing_studentResponse.test_parseStudent"/>
  <system-out/>
  <testcase name="test_Find_adress_of_first_student" time="0.003" classname="parsing_studentResponse.test_parseStudent"/>
  <system-out/>
</testsuite> <!-- parsing_studentResponse.test_parseStudent -->
