<?xml version="1.0" encoding="UTF-8"?>
<!-- Generated by org.testng.reporters.JUnitReportReporter -->
<testsuite skipped="0" hostname="DESKTOP-PU16VBP" name="param_RestAssured" tests="3" failures="0" timestamp="2020-11-16T22:46:36 CST" time="3.540" errors="0">
  <testcase name="test4_Invalid_URL" time="0.338" classname="param_RestAssured"/>
  <system-out/>
  <testcase name="test3_Invalid_HTTPMethod" time="0.411" classname="param_RestAssured"/>
  <system-out/>
  <testcase name="test2_get_CapitalName" time="2.791" classname="param_RestAssured"/>
  <system-out/>
</testsuite> <!-- param_RestAssured -->
