<?xml version="1.0" encoding="UTF-8"?>
<!-- Generated by org.testng.reporters.JUnitReportReporter -->
<testsuite skipped="0" hostname="DESKTOP-PU16VBP" name="RentalCarsMocking.wiremock_mapping" tests="1" failures="0" timestamp="2021-03-16T15:25:25 CDT" time="1.341" errors="0">
  <testcase name="testGetRequest" time="1.341" classname="RentalCarsMocking.wiremock_mapping"/>
  <system-out/>
</testsuite> <!-- RentalCarsMocking.wiremock_mapping -->
