<?xml version="1.0" encoding="UTF-8"?>
<!-- Generated by org.testng.reporters.JUnitReportReporter -->
<testsuite skipped="0" hostname="DESKTOP-PU16VBP" name="getCarsApi" tests="1" failures="0" timestamp="2020-12-31T00:05:27 CST" time="3.085" errors="0">
  <testcase name="Get_CarsApi" time="3.085" classname="getCarsApi"/>
  <system-out/>
</testsuite> <!-- getCarsApi -->
