<?xml version="1.0" encoding="UTF-8"?>
<!-- Generated by org.testng.reporters.JUnitReportReporter -->
<testsuite skipped="0" hostname="DESKTOP-PU16VBP" name="userid7_And_Title.uesridAndTitleTest" tests="1" failures="0" timestamp="2021-03-22T22:21:37 CDT" time="3.300" errors="0">
  <testcase name="test_UseridAndTitle" time="3.300" classname="userid7_And_Title.uesridAndTitleTest"/>
  <system-out/>
</testsuite> <!-- userid7_And_Title.uesridAndTitleTest -->
